2022-02-19 01:55:46 INFO  Main:36 - saved data reading
2022-02-19 01:55:46 INFO  Main:41 - application start
2022-02-19 01:55:47 INFO  Controller:74 - Main controller initializing
2022-02-19 01:55:50 INFO  NewEditController:91 - new/edit window initializing
2022-02-19 01:56:02 INFO  TaskInfoController:25 - task info window initializing
2022-02-19 01:56:02 ERROR Controller:127 - error loading task-info.fxml
2022-02-19 01:57:13 INFO  Main:36 - saved data reading
2022-02-19 01:57:13 INFO  Main:41 - application start
2022-02-19 01:57:13 INFO  Controller:74 - Main controller initializing
2022-02-19 01:57:18 INFO  TaskInfoController:25 - task info window initializing
2022-02-19 01:57:18 ERROR Controller:127 - error loading task-info.fxml
2022-02-19 01:57:20 INFO  TaskInfoController:25 - task info window initializing
2022-02-19 01:57:20 ERROR Controller:127 - error loading task-info.fxml
2022-02-19 01:57:22 INFO  TaskInfoController:25 - task info window initializing
2022-02-19 01:57:22 ERROR Controller:127 - error loading task-info.fxml
2022-02-19 01:57:36 INFO  NewEditController:91 - new/edit window initializing
2022-02-19 01:57:42 INFO  TaskInfoController:25 - task info window initializing
2022-02-19 01:57:42 ERROR Controller:127 - error loading task-info.fxml
2022-02-19 01:58:03 INFO  NewEditController:91 - new/edit window initializing
2022-02-19 01:58:11 INFO  TaskInfoController:25 - task info window initializing
2022-02-19 01:58:18 INFO  NewEditController:91 - new/edit window initializing
2022-02-19 01:58:58 INFO  TaskInfoController:25 - task info window initializing
2022-02-19 01:59:08 INFO  NewEditController:91 - new/edit window initializing
2022-02-19 02:02:19 INFO  Main:36 - saved data reading
2022-02-19 02:02:19 INFO  Main:41 - application start
2022-02-19 02:02:20 INFO  Controller:74 - Main controller initializing
2022-02-19 02:03:15 INFO  Main:36 - saved data reading
2022-02-19 02:03:15 INFO  Main:41 - application start
2022-02-19 02:03:16 INFO  Controller:74 - Main controller initializing
2022-02-19 02:03:29 INFO  NewEditController:91 - new/edit window initializing
2022-02-19 02:04:05 INFO  NewEditController:91 - new/edit window initializing
2022-02-19 02:04:19 INFO  NewEditController:91 - new/edit window initializing
2022-02-19 02:04:22 INFO  NewEditController:91 - new/edit window initializing
2022-02-19 02:04:24 INFO  NewEditController:91 - new/edit window initializing
2022-02-19 02:04:31 INFO  NewEditController:91 - new/edit window initializing
2022-02-19 02:04:34 INFO  NewEditController:91 - new/edit window initializing
2022-02-19 02:04:44 INFO  NewEditController:91 - new/edit window initializing
2022-02-19 02:04:46 INFO  NewEditController:91 - new/edit window initializing
2022-02-19 02:05:02 INFO  NewEditController:91 - new/edit window initializing
2022-02-19 02:05:24 INFO  Main:36 - saved data reading
2022-02-19 02:05:24 INFO  Main:41 - application start
2022-02-19 02:05:24 INFO  Controller:74 - Main controller initializing
2022-02-19 02:05:44 INFO  NewEditController:91 - new/edit window initializing
2022-02-19 02:05:57 INFO  NewEditController:91 - new/edit window initializing
2022-02-19 02:06:08 INFO  NewEditController:91 - new/edit window initializing
2022-02-19 02:06:29 INFO  NewEditController:91 - new/edit window initializing
2022-02-19 02:10:58 INFO  Main:36 - saved data reading
2022-02-19 02:10:58 INFO  Main:41 - application start
2022-02-19 02:10:59 INFO  Controller:74 - Main controller initializing
2022-02-19 02:11:12 INFO  NewEditController:91 - new/edit window initializing
2022-02-19 02:38:05 INFO  Main:36 - saved data reading
2022-02-19 02:38:05 INFO  Main:41 - application start
2022-02-19 02:38:06 INFO  Controller:74 - Main controller initializing
2022-02-19 14:20:20 INFO  Main:36 - saved data reading
2022-02-19 14:20:20 INFO  Main:41 - application start
2022-02-19 14:20:20 INFO  Controller:74 - Main controller initializing
